INFO 2025-06-14 20:38:27,684 autoreload 51908 66960 Watching for file changes with StatReloader
INFO 2025-06-14 20:46:42,615 autoreload 51908 66960 C:\Users\alien\Downloads\Malikli-son - Preview\backend\backend\settings.py changed, reloading.
INFO 2025-06-14 20:46:43,995 autoreload 23052 50760 Watching for file changes with StatReloader
INFO 2025-06-14 20:59:35,461 basehttp 23052 56388 "POST /api/v1/auth/login/ HTTP/1.1" 200 483
INFO 2025-06-14 20:59:35,693 basehttp 23052 56388 "GET /api/v1/auth/profile/ HTTP/1.1" 200 269
INFO 2025-06-14 20:59:36,448 basehttp 23052 56388 "GET /api/v1/carts/mine/ HTTP/1.1" 200 216
INFO 2025-06-14 20:59:36,985 basehttp 23052 56388 "GET /api/v1/categories/?is_featured=true HTTP/1.1" 200 351
INFO 2025-06-14 20:59:38,073 basehttp 23052 29388 "GET /api/v1/categories/?is_featured=true HTTP/1.1" 200 351
INFO 2025-06-14 20:59:40,068 basehttp 23052 56388 "GET /api/v1/products/ HTTP/1.1" 200 6879
INFO 2025-06-14 20:59:43,152 basehttp 23052 29388 "GET /api/v1/products/ HTTP/1.1" 200 6879
INFO 2025-06-14 20:59:53,001 basehttp 23052 29388 "POST /api/v1/auth/login/ HTTP/1.1" 200 483
INFO 2025-06-14 20:59:53,168 basehttp 23052 29388 "GET /api/v1/auth/profile/ HTTP/1.1" 200 269
INFO 2025-06-14 20:59:53,636 basehttp 23052 29388 "GET /api/v1/carts/mine/ HTTP/1.1" 200 216
INFO 2025-06-14 20:59:54,020 basehttp 23052 56388 "GET /api/v1/categories/?is_featured=true HTTP/1.1" 200 351
INFO 2025-06-14 20:59:54,389 basehttp 23052 29388 "GET /api/v1/categories/?is_featured=true HTTP/1.1" 200 351
INFO 2025-06-14 20:59:56,239 basehttp 23052 56388 "GET /api/v1/products/ HTTP/1.1" 200 6879
INFO 2025-06-14 20:59:58,599 basehttp 23052 29388 "GET /api/v1/products/ HTTP/1.1" 200 6879
INFO 2025-06-14 21:00:06,889 basehttp 23052 29388 "GET /api/v1/auth/profile/ HTTP/1.1" 200 269
INFO 2025-06-14 21:00:07,417 basehttp 23052 29388 "GET /api/v1/carts/mine/ HTTP/1.1" 200 216
INFO 2025-06-14 21:00:12,155 basehttp 23052 29388 "GET /api/v1/orders/?ordering=-created_at&page_size=50 HTTP/1.1" 200 9103
INFO 2025-06-14 21:00:13,058 basehttp 23052 56388 "GET /api/v1/orders/?ordering=-created_at&page_size=50 HTTP/1.1" 200 9103
INFO 2025-06-14 21:00:34,149 basehttp 23052 56388 "OPTIONS /api/v1/orders/bb2df6c0-d376-46ec-9fa7-8b68c393dc82/ HTTP/1.1" 200 0
INFO 2025-06-14 21:00:34,794 basehttp 23052 56388 "GET /api/v1/orders/bb2df6c0-d376-46ec-9fa7-8b68c393dc82/ HTTP/1.1" 200 2256
INFO 2025-06-14 21:00:42,559 basehttp 23052 56388 "GET /api/v1/orders/?ordering=-created_at&page_size=50 HTTP/1.1" 200 9103
INFO 2025-06-14 21:00:43,499 basehttp 23052 29388 "GET /api/v1/orders/?ordering=-created_at&page_size=50 HTTP/1.1" 200 9103
INFO 2025-06-14 21:00:59,872 basehttp 23052 29388 "GET /api/v1/auth/profile/ HTTP/1.1" 200 269
INFO 2025-06-14 21:01:00,330 basehttp 23052 56388 "GET /api/v1/carts/mine/ HTTP/1.1" 200 216
INFO 2025-06-14 21:01:00,776 basehttp 23052 29388 "GET /api/v1/orders/?ordering=-created_at&page_size=50 HTTP/1.1" 200 9103
INFO 2025-06-14 21:01:06,113 basehttp 23052 29388 "GET /api/v1/categories/?is_featured=true HTTP/1.1" 200 351
INFO 2025-06-14 21:01:06,490 basehttp 23052 56388 "GET /api/v1/categories/?is_featured=true HTTP/1.1" 200 351
INFO 2025-06-14 21:01:08,361 basehttp 23052 29388 "GET /api/v1/products/ HTTP/1.1" 200 6879
INFO 2025-06-14 21:01:10,664 basehttp 23052 56388 "GET /api/v1/products/ HTTP/1.1" 200 6879
INFO 2025-06-14 21:01:31,476 basehttp 23052 56388 "OPTIONS /api/v1/orders/?ordering=-created_at&page_size=50 HTTP/1.1" 200 0
INFO 2025-06-14 21:01:31,485 basehttp 23052 29388 "OPTIONS /api/v1/orders/?ordering=-created_at&page_size=50 HTTP/1.1" 200 0
INFO 2025-06-14 21:01:32,480 basehttp 23052 56388 "GET /api/v1/orders/?ordering=-created_at&page_size=50 HTTP/1.1" 200 9103
INFO 2025-06-14 21:01:33,416 basehttp 23052 29388 "GET /api/v1/orders/?ordering=-created_at&page_size=50 HTTP/1.1" 200 9103
INFO 2025-06-14 21:01:35,980 basehttp 23052 29388 "OPTIONS /api/v1/auth/profile/ HTTP/1.1" 200 0
INFO 2025-06-14 21:01:36,134 basehttp 23052 29388 "GET /api/v1/auth/profile/ HTTP/1.1" 200 269
INFO 2025-06-14 21:01:36,146 basehttp 23052 56388 "OPTIONS /api/v1/carts/mine/ HTTP/1.1" 200 0
INFO 2025-06-14 21:01:36,591 basehttp 23052 56388 "GET /api/v1/carts/mine/ HTTP/1.1" 200 216
INFO 2025-06-14 21:01:37,043 basehttp 23052 29388 "GET /api/v1/orders/?ordering=-created_at&page_size=50 HTTP/1.1" 200 9103
INFO 2025-06-14 21:01:47,308 basehttp 23052 29388 "OPTIONS /api/v1/categories/?is_featured=true HTTP/1.1" 200 0
INFO 2025-06-14 21:01:47,309 basehttp 23052 56388 "OPTIONS /api/v1/categories/?is_featured=true HTTP/1.1" 200 0
INFO 2025-06-14 21:01:47,686 basehttp 23052 56388 "GET /api/v1/categories/?is_featured=true HTTP/1.1" 200 351
INFO 2025-06-14 21:01:47,690 basehttp 23052 56388 "OPTIONS /api/v1/products/ HTTP/1.1" 200 0
INFO 2025-06-14 21:01:48,080 basehttp 23052 29388 "GET /api/v1/categories/?is_featured=true HTTP/1.1" 200 351
INFO 2025-06-14 21:01:49,961 basehttp 23052 56388 "GET /api/v1/products/ HTTP/1.1" 200 6879
INFO 2025-06-14 21:01:52,297 basehttp 23052 29388 "GET /api/v1/products/ HTTP/1.1" 200 6879
INFO 2025-06-14 21:02:27,164 basehttp 23052 29388 "OPTIONS /api/v1/auth/login/ HTTP/1.1" 200 0
WARNING 2025-06-14 21:02:27,717 basehttp 23052 29388 "POST /api/v1/auth/login/ HTTP/1.1" 401 116
INFO 2025-06-14 21:02:34,454 basehttp 23052 29388 "POST /api/v1/auth/login/ HTTP/1.1" 200 483
INFO 2025-06-14 21:02:34,634 basehttp 23052 29388 "GET /api/v1/auth/profile/ HTTP/1.1" 200 281
INFO 2025-06-14 21:02:35,968 basehttp 23052 56388 "GET /api/v1/categories/?is_featured=true HTTP/1.1" 200 351
INFO 2025-06-14 21:02:36,044 basehttp 23052 29388 "GET /api/v1/carts/mine/ HTTP/1.1" 200 214
INFO 2025-06-14 21:02:36,343 basehttp 23052 56388 "GET /api/v1/categories/?is_featured=true HTTP/1.1" 200 351
INFO 2025-06-14 21:02:38,301 basehttp 23052 29388 "GET /api/v1/products/ HTTP/1.1" 200 6879
INFO 2025-06-14 21:02:38,544 basehttp 23052 29388 "GET /api/v1/orders/?ordering=-created_at&page_size=50 HTTP/1.1" 200 52
INFO 2025-06-14 21:02:39,221 basehttp 23052 71476 "GET /api/v1/orders/?ordering=-created_at&page_size=50 HTTP/1.1" 200 52
INFO 2025-06-14 21:02:40,520 basehttp 23052 56388 "GET /api/v1/products/ HTTP/1.1" 200 6879
INFO 2025-06-14 21:03:27,346 basehttp 23052 56388 "GET /api/v1/orders/?ordering=-created_at&page_size=50 HTTP/1.1" 200 52
INFO 2025-06-14 21:03:27,495 basehttp 23052 71476 "GET /api/v1/orders/?ordering=-created_at&page_size=50 HTTP/1.1" 200 52
INFO 2025-06-14 21:03:44,098 basehttp 23052 71476 "POST /api/v1/auth/login/ HTTP/1.1" 200 483
INFO 2025-06-14 21:03:44,275 basehttp 23052 71476 "GET /api/v1/auth/profile/ HTTP/1.1" 200 1073
INFO 2025-06-14 21:03:44,743 basehttp 23052 71476 "GET /api/v1/carts/mine/ HTTP/1.1" 200 214
INFO 2025-06-14 21:03:44,862 basehttp 23052 56388 "GET /api/v1/categories/?is_featured=true HTTP/1.1" 200 351
INFO 2025-06-14 21:03:45,223 basehttp 23052 71476 "GET /api/v1/categories/?is_featured=true HTTP/1.1" 200 351
INFO 2025-06-14 21:03:47,088 basehttp 23052 56388 "GET /api/v1/products/ HTTP/1.1" 200 6879
INFO 2025-06-14 21:03:49,244 basehttp 23052 71476 "GET /api/v1/products/ HTTP/1.1" 200 6879
INFO 2025-06-14 21:03:49,348 basehttp 23052 56388 "GET /api/v1/orders/?ordering=-created_at&page_size=50 HTTP/1.1" 200 9103
INFO 2025-06-14 21:03:50,219 basehttp 23052 71476 "GET /api/v1/orders/?ordering=-created_at&page_size=50 HTTP/1.1" 200 9103
INFO 2025-06-14 21:04:00,955 basehttp 23052 71476 "POST /api/v1/auth/login/ HTTP/1.1" 200 483
INFO 2025-06-14 21:04:01,117 basehttp 23052 71476 "GET /api/v1/auth/profile/ HTTP/1.1" 200 269
INFO 2025-06-14 21:04:01,587 basehttp 23052 71476 "GET /api/v1/carts/mine/ HTTP/1.1" 200 216
INFO 2025-06-14 21:04:01,737 basehttp 23052 56388 "GET /api/v1/categories/?is_featured=true HTTP/1.1" 200 351
INFO 2025-06-14 21:04:02,112 basehttp 23052 71476 "GET /api/v1/categories/?is_featured=true HTTP/1.1" 200 351
INFO 2025-06-14 21:04:03,960 basehttp 23052 56388 "GET /api/v1/products/ HTTP/1.1" 200 6879
INFO 2025-06-14 21:04:06,100 basehttp 23052 71476 "GET /api/v1/products/ HTTP/1.1" 200 6879
INFO 2025-06-14 21:05:50,592 basehttp 23052 71476 "GET /api/v1/auth/profile/ HTTP/1.1" 200 269
INFO 2025-06-14 21:05:51,038 basehttp 23052 71476 "GET /api/v1/carts/mine/ HTTP/1.1" 200 216
INFO 2025-06-14 21:06:04,588 basehttp 23052 71476 "GET /api/v1/carts/mine/ HTTP/1.1" 200 216
INFO 2025-06-14 21:06:05,034 basehttp 23052 56388 "GET /api/v1/carts/mine/ HTTP/1.1" 200 216
INFO 2025-06-14 21:06:22,069 basehttp 23052 56388 "GET /api/v1/carts/mine/ HTTP/1.1" 200 216
INFO 2025-06-14 21:06:22,515 basehttp 23052 56388 "GET /api/v1/carts/mine/ HTTP/1.1" 200 216
INFO 2025-06-14 21:07:26,789 basehttp 23052 32560 "OPTIONS /api/v1/orders/?ordering=-created_at&page_size=50 HTTP/1.1" 200 0
INFO 2025-06-14 21:07:26,790 basehttp 23052 60468 "OPTIONS /api/v1/orders/?ordering=-created_at&page_size=50 HTTP/1.1" 200 0
INFO 2025-06-14 21:07:28,172 basehttp 23052 60468 "GET /api/v1/orders/?ordering=-created_at&page_size=50 HTTP/1.1" 200 9103
INFO 2025-06-14 21:07:29,717 basehttp 23052 32560 "GET /api/v1/orders/?ordering=-created_at&page_size=50 HTTP/1.1" 200 9103
INFO 2025-06-14 21:08:03,186 basehttp 23052 56388 "GET /api/v1/carts/mine/ HTTP/1.1" 200 216
INFO 2025-06-14 21:08:03,614 basehttp 23052 71476 "GET /api/v1/carts/mine/ HTTP/1.1" 200 216
INFO 2025-06-14 21:08:13,168 basehttp 23052 71476 "GET /api/v1/auth/profile/ HTTP/1.1" 200 269
INFO 2025-06-14 21:08:13,646 basehttp 23052 71476 "GET /api/v1/carts/mine/ HTTP/1.1" 200 216
INFO 2025-06-14 21:08:22,065 basehttp 23052 71476 "GET /api/v1/auth/profile/ HTTP/1.1" 200 269
INFO 2025-06-14 21:08:22,522 basehttp 23052 71476 "GET /api/v1/carts/mine/ HTTP/1.1" 200 216
INFO 2025-06-14 21:08:30,473 basehttp 23052 71476 "GET /api/v1/auth/profile/ HTTP/1.1" 200 269
INFO 2025-06-14 21:08:30,907 basehttp 23052 71476 "GET /api/v1/carts/mine/ HTTP/1.1" 200 216
INFO 2025-06-14 21:08:32,546 basehttp 23052 71476 "GET /api/v1/categories/?is_featured=true HTTP/1.1" 200 351
INFO 2025-06-14 21:08:32,913 basehttp 23052 56388 "GET /api/v1/categories/?is_featured=true HTTP/1.1" 200 351
INFO 2025-06-14 21:08:34,677 basehttp 23052 71476 "GET /api/v1/products/ HTTP/1.1" 200 6879
INFO 2025-06-14 21:08:36,906 basehttp 23052 56388 "GET /api/v1/products/ HTTP/1.1" 200 6879
INFO 2025-06-14 21:11:08,756 basehttp 23052 56388 "GET /api/v1/auth/profile/ HTTP/1.1" 200 269
INFO 2025-06-14 21:11:09,205 basehttp 23052 56388 "GET /api/v1/carts/mine/ HTTP/1.1" 200 216
INFO 2025-06-14 21:11:10,397 basehttp 23052 56388 "GET /api/v1/auth/profile/ HTTP/1.1" 200 269
INFO 2025-06-14 21:11:10,954 basehttp 23052 56388 "GET /api/v1/carts/mine/ HTTP/1.1" 200 216
INFO 2025-06-14 21:11:11,163 basehttp 23052 71476 "GET /api/v1/categories/?is_featured=true HTTP/1.1" 200 351
INFO 2025-06-14 21:11:11,529 basehttp 23052 56388 "GET /api/v1/categories/?is_featured=true HTTP/1.1" 200 351
INFO 2025-06-14 21:11:13,318 basehttp 23052 71476 "GET /api/v1/products/ HTTP/1.1" 200 6879
INFO 2025-06-14 21:11:15,516 basehttp 23052 56388 "GET /api/v1/products/ HTTP/1.1" 200 6879
INFO 2025-06-14 21:11:53,846 basehttp 23052 56388 "GET /api/v1/auth/profile/ HTTP/1.1" 200 269
INFO 2025-06-14 21:11:54,350 basehttp 23052 56388 "GET /api/v1/carts/mine/ HTTP/1.1" 200 216
INFO 2025-06-14 21:11:54,464 basehttp 23052 71476 "GET /api/v1/categories/?is_featured=true HTTP/1.1" 200 351
INFO 2025-06-14 21:11:54,833 basehttp 23052 56388 "GET /api/v1/categories/?is_featured=true HTTP/1.1" 200 351
INFO 2025-06-14 21:11:56,599 basehttp 23052 71476 "GET /api/v1/products/ HTTP/1.1" 200 6879
INFO 2025-06-14 21:11:58,833 basehttp 23052 56388 "GET /api/v1/products/ HTTP/1.1" 200 6879
INFO 2025-06-14 21:12:17,991 basehttp 23052 56388 "GET /api/v1/orders/?ordering=-created_at&page_size=50 HTTP/1.1" 200 9103
INFO 2025-06-14 21:12:18,861 basehttp 23052 71476 "GET /api/v1/orders/?ordering=-created_at&page_size=50 HTTP/1.1" 200 9103
INFO 2025-06-14 21:13:33,873 autoreload 23052 50760 C:\Users\alien\Downloads\Malikli-son - Preview\backend\orders\urls.py changed, reloading.
INFO 2025-06-14 21:13:35,125 autoreload 68640 50396 Watching for file changes with StatReloader
INFO 2025-06-14 21:14:06,639 autoreload 68640 50396 C:\Users\alien\Downloads\Malikli-son - Preview\backend\orders\views.py changed, reloading.
INFO 2025-06-14 21:14:07,622 autoreload 54100 64024 Watching for file changes with StatReloader
INFO 2025-06-14 21:14:14,827 basehttp 54100 26816 "POST /api/v1/auth/login/ HTTP/1.1" 200 483
INFO 2025-06-14 21:14:15,174 basehttp 54100 26816 "GET /api/v1/auth/profile/ HTTP/1.1" 200 269
INFO 2025-06-14 21:14:15,633 basehttp 54100 26816 "GET /api/v1/carts/mine/ HTTP/1.1" 200 216
INFO 2025-06-14 21:14:16,496 basehttp 54100 25212 "GET /api/v1/categories/?is_featured=true HTTP/1.1" 200 351
INFO 2025-06-14 21:14:16,852 basehttp 54100 26816 "GET /api/v1/categories/?is_featured=true HTTP/1.1" 200 351
INFO 2025-06-14 21:14:18,673 basehttp 54100 25212 "GET /api/v1/products/ HTTP/1.1" 200 6879
INFO 2025-06-14 21:14:20,839 basehttp 54100 26816 "GET /api/v1/products/ HTTP/1.1" 200 6879
INFO 2025-06-14 21:16:06,476 basehttp 54100 26816 "GET /api/v1/auth/profile/ HTTP/1.1" 200 269
INFO 2025-06-14 21:16:06,945 basehttp 54100 26816 "GET /api/v1/carts/mine/ HTTP/1.1" 200 216
INFO 2025-06-14 21:17:08,172 basehttp 54100 26816 "GET /api/v1/auth/profile/ HTTP/1.1" 200 269
INFO 2025-06-14 21:17:08,676 basehttp 54100 26816 "GET /api/v1/carts/mine/ HTTP/1.1" 200 216
INFO 2025-06-14 21:17:08,819 basehttp 54100 25212 "GET /api/v1/categories/?is_featured=true HTTP/1.1" 200 351
INFO 2025-06-14 21:17:09,180 basehttp 54100 26816 "GET /api/v1/categories/?is_featured=true HTTP/1.1" 200 351
INFO 2025-06-14 21:17:10,666 basehttp 54100 26816 - Broken pipe from ('127.0.0.1', 52026)
INFO 2025-06-14 21:17:11,001 basehttp 54100 25212 - Broken pipe from ('127.0.0.1', 52028)
INFO 2025-06-14 21:17:11,904 basehttp 54100 67044 - Broken pipe from ('127.0.0.1', 52370)
INFO 2025-06-14 21:17:12,538 basehttp 54100 66016 "GET /api/v1/categories/?is_featured=true HTTP/1.1" 200 351
INFO 2025-06-14 21:17:14,595 basehttp 54100 66016 "GET /api/v1/products/ HTTP/1.1" 200 6879
INFO 2025-06-14 21:17:22,215 autoreload 54100 64024 C:\Users\alien\Downloads\Malikli-son - Preview\backend\orders\views.py changed, reloading.
INFO 2025-06-14 21:17:23,383 autoreload 70752 66952 Watching for file changes with StatReloader
INFO 2025-06-14 21:17:28,657 basehttp 70752 46228 "POST /api/v1/auth/login/ HTTP/1.1" 200 483
INFO 2025-06-14 21:17:28,828 basehttp 70752 46228 "GET /api/v1/auth/profile/ HTTP/1.1" 200 269
INFO 2025-06-14 21:17:29,267 basehttp 70752 46228 "GET /api/v1/carts/mine/ HTTP/1.1" 200 216
INFO 2025-06-14 21:17:29,987 basehttp 70752 42288 "GET /api/v1/categories/?is_featured=true HTTP/1.1" 200 351
INFO 2025-06-14 21:17:30,339 basehttp 70752 46228 "GET /api/v1/categories/?is_featured=true HTTP/1.1" 200 351
INFO 2025-06-14 21:17:32,159 basehttp 70752 42288 "GET /api/v1/products/ HTTP/1.1" 200 6879
INFO 2025-06-14 21:17:34,267 basehttp 70752 46228 "GET /api/v1/products/ HTTP/1.1" 200 6879
INFO 2025-06-14 21:17:35,956 autoreload 70752 66952 C:\Users\alien\Downloads\Malikli-son - Preview\backend\orders\views.py changed, reloading.
INFO 2025-06-14 21:17:37,027 autoreload 63664 32592 Watching for file changes with StatReloader
INFO 2025-06-14 21:19:33,569 autoreload 13324 41736 Watching for file changes with StatReloader
INFO 2025-06-14 21:19:38,074 basehttp 13324 15292 "GET /api/v1/auth/profile/ HTTP/1.1" 200 269
INFO 2025-06-14 21:19:38,546 basehttp 13324 28812 "GET /api/v1/categories/?is_featured=true HTTP/1.1" 200 351
INFO 2025-06-14 21:19:38,556 basehttp 13324 15292 "GET /api/v1/carts/mine/ HTTP/1.1" 200 216
INFO 2025-06-14 21:19:38,921 basehttp 13324 28812 "GET /api/v1/categories/?is_featured=true HTTP/1.1" 200 351
INFO 2025-06-14 21:19:40,740 basehttp 13324 15292 "GET /api/v1/products/ HTTP/1.1" 200 6879
INFO 2025-06-14 21:19:42,946 basehttp 13324 28812 "GET /api/v1/products/ HTTP/1.1" 200 6879
INFO 2025-06-14 21:19:57,642 basehttp 13324 28812 "GET /api/v1/auth/profile/ HTTP/1.1" 200 269
INFO 2025-06-14 21:19:58,108 basehttp 13324 28812 "GET /api/v1/carts/mine/ HTTP/1.1" 200 216
INFO 2025-06-14 21:19:58,112 basehttp 13324 15292 "GET /api/v1/categories/?is_featured=true HTTP/1.1" 200 351
INFO 2025-06-14 21:19:58,484 basehttp 13324 28812 "GET /api/v1/categories/?is_featured=true HTTP/1.1" 200 351
INFO 2025-06-14 21:20:00,337 basehttp 13324 15292 "GET /api/v1/products/ HTTP/1.1" 200 6879
INFO 2025-06-14 21:20:02,615 basehttp 13324 28812 "GET /api/v1/products/ HTTP/1.1" 200 6879
INFO 2025-06-14 21:21:14,831 basehttp 13324 15292 "OPTIONS /api/v1/admin/orders/ HTTP/1.1" 200 0
INFO 2025-06-14 21:21:14,831 basehttp 13324 28812 "OPTIONS /api/v1/admin/orders/ HTTP/1.1" 200 0
ERROR 2025-06-14 21:21:15,519 log 13324 28812 Internal Server Error: /api/v1/admin/orders/
Traceback (most recent call last):
  File "C:\Users\alien\Downloads\Malikli-son\venv\Lib\site-packages\django\core\handlers\exception.py", line 55, in inner
    response = get_response(request)
  File "C:\Users\alien\Downloads\Malikli-son\venv\Lib\site-packages\django\core\handlers\base.py", line 197, in _get_response
    response = wrapped_callback(request, *callback_args, **callback_kwargs)
  File "C:\Users\alien\Downloads\Malikli-son\venv\Lib\site-packages\django\views\decorators\csrf.py", line 65, in _view_wrapper
    return view_func(request, *args, **kwargs)
  File "C:\Users\alien\Downloads\Malikli-son\venv\Lib\site-packages\rest_framework\viewsets.py", line 125, in view
    return self.dispatch(request, *args, **kwargs)
           ~~~~~~~~~~~~~^^^^^^^^^^^^^^^^^^^^^^^^^^
  File "C:\Users\alien\Downloads\Malikli-son\venv\Lib\site-packages\rest_framework\views.py", line 515, in dispatch
    response = self.handle_exception(exc)
  File "C:\Users\alien\Downloads\Malikli-son\venv\Lib\site-packages\rest_framework\views.py", line 475, in handle_exception
    self.raise_uncaught_exception(exc)
    ~~~~~~~~~~~~~~~~~~~~~~~~~~~~~^^^^^
  File "C:\Users\alien\Downloads\Malikli-son\venv\Lib\site-packages\rest_framework\views.py", line 486, in raise_uncaught_exception
    raise exc
  File "C:\Users\alien\Downloads\Malikli-son\venv\Lib\site-packages\rest_framework\views.py", line 512, in dispatch
    response = handler(request, *args, **kwargs)
  File "C:\Users\alien\Downloads\Malikli-son\venv\Lib\site-packages\rest_framework\mixins.py", line 40, in list
    page = self.paginate_queryset(queryset)
  File "C:\Users\alien\Downloads\Malikli-son\venv\Lib\site-packages\rest_framework\generics.py", line 175, in paginate_queryset
    return self.paginator.paginate_queryset(queryset, self.request, view=self)
           ~~~~~~~~~~~~~~~~~~~~~~~~~~~~~~~~^^^^^^^^^^^^^^^^^^^^^^^^^^^^^^^^^^^
  File "C:\Users\alien\Downloads\Malikli-son\venv\Lib\site-packages\rest_framework\pagination.py", line 222, in paginate_queryset
    return list(self.page)
  File "C:\Users\alien\Downloads\Malikli-son\venv\Lib\site-packages\django\core\paginator.py", line 191, in __len__
    return len(self.object_list)
  File "C:\Users\alien\Downloads\Malikli-son\venv\Lib\site-packages\django\db\models\query.py", line 366, in __len__
    self._fetch_all()
    ~~~~~~~~~~~~~~~^^
  File "C:\Users\alien\Downloads\Malikli-son\venv\Lib\site-packages\django\db\models\query.py", line 1947, in _fetch_all
    self._prefetch_related_objects()
    ~~~~~~~~~~~~~~~~~~~~~~~~~~~~~~^^
  File "C:\Users\alien\Downloads\Malikli-son\venv\Lib\site-packages\django\db\models\query.py", line 1326, in _prefetch_related_objects
    prefetch_related_objects(self._result_cache, *self._prefetch_related_lookups)
    ~~~~~~~~~~~~~~~~~~~~~~~~^^^^^^^^^^^^^^^^^^^^^^^^^^^^^^^^^^^^^^^^^^^^^^^^^^^^^
  File "C:\Users\alien\Downloads\Malikli-son\venv\Lib\site-packages\django\db\models\query.py", line 2368, in prefetch_related_objects
    raise AttributeError(
    ...<7 lines>...
    )
AttributeError: Cannot find 'order_items' on Order object, 'order_items__product' is an invalid parameter to prefetch_related()
ERROR 2025-06-14 21:21:15,527 basehttp 13324 28812 "GET /api/v1/admin/orders/ HTTP/1.1" 500 138824
ERROR 2025-06-14 21:21:16,004 log 13324 15292 Internal Server Error: /api/v1/admin/orders/
Traceback (most recent call last):
  File "C:\Users\alien\Downloads\Malikli-son\venv\Lib\site-packages\django\core\handlers\exception.py", line 55, in inner
    response = get_response(request)
  File "C:\Users\alien\Downloads\Malikli-son\venv\Lib\site-packages\django\core\handlers\base.py", line 197, in _get_response
    response = wrapped_callback(request, *callback_args, **callback_kwargs)
  File "C:\Users\alien\Downloads\Malikli-son\venv\Lib\site-packages\django\views\decorators\csrf.py", line 65, in _view_wrapper
    return view_func(request, *args, **kwargs)
  File "C:\Users\alien\Downloads\Malikli-son\venv\Lib\site-packages\rest_framework\viewsets.py", line 125, in view
    return self.dispatch(request, *args, **kwargs)
           ~~~~~~~~~~~~~^^^^^^^^^^^^^^^^^^^^^^^^^^
  File "C:\Users\alien\Downloads\Malikli-son\venv\Lib\site-packages\rest_framework\views.py", line 515, in dispatch
    response = self.handle_exception(exc)
  File "C:\Users\alien\Downloads\Malikli-son\venv\Lib\site-packages\rest_framework\views.py", line 475, in handle_exception
    self.raise_uncaught_exception(exc)
    ~~~~~~~~~~~~~~~~~~~~~~~~~~~~~^^^^^
  File "C:\Users\alien\Downloads\Malikli-son\venv\Lib\site-packages\rest_framework\views.py", line 486, in raise_uncaught_exception
    raise exc
  File "C:\Users\alien\Downloads\Malikli-son\venv\Lib\site-packages\rest_framework\views.py", line 512, in dispatch
    response = handler(request, *args, **kwargs)
  File "C:\Users\alien\Downloads\Malikli-son\venv\Lib\site-packages\rest_framework\mixins.py", line 40, in list
    page = self.paginate_queryset(queryset)
  File "C:\Users\alien\Downloads\Malikli-son\venv\Lib\site-packages\rest_framework\generics.py", line 175, in paginate_queryset
    return self.paginator.paginate_queryset(queryset, self.request, view=self)
           ~~~~~~~~~~~~~~~~~~~~~~~~~~~~~~~~^^^^^^^^^^^^^^^^^^^^^^^^^^^^^^^^^^^
  File "C:\Users\alien\Downloads\Malikli-son\venv\Lib\site-packages\rest_framework\pagination.py", line 222, in paginate_queryset
    return list(self.page)
  File "C:\Users\alien\Downloads\Malikli-son\venv\Lib\site-packages\django\core\paginator.py", line 191, in __len__
    return len(self.object_list)
  File "C:\Users\alien\Downloads\Malikli-son\venv\Lib\site-packages\django\db\models\query.py", line 366, in __len__
    self._fetch_all()
    ~~~~~~~~~~~~~~~^^
  File "C:\Users\alien\Downloads\Malikli-son\venv\Lib\site-packages\django\db\models\query.py", line 1947, in _fetch_all
    self._prefetch_related_objects()
    ~~~~~~~~~~~~~~~~~~~~~~~~~~~~~~^^
  File "C:\Users\alien\Downloads\Malikli-son\venv\Lib\site-packages\django\db\models\query.py", line 1326, in _prefetch_related_objects
    prefetch_related_objects(self._result_cache, *self._prefetch_related_lookups)
    ~~~~~~~~~~~~~~~~~~~~~~~~^^^^^^^^^^^^^^^^^^^^^^^^^^^^^^^^^^^^^^^^^^^^^^^^^^^^^
  File "C:\Users\alien\Downloads\Malikli-son\venv\Lib\site-packages\django\db\models\query.py", line 2368, in prefetch_related_objects
    raise AttributeError(
    ...<7 lines>...
    )
AttributeError: Cannot find 'order_items' on Order object, 'order_items__product' is an invalid parameter to prefetch_related()
ERROR 2025-06-14 21:21:16,012 basehttp 13324 15292 "GET /api/v1/admin/orders/ HTTP/1.1" 500 138824
INFO 2025-06-14 21:22:03,642 autoreload 13324 41736 C:\Users\alien\Downloads\Malikli-son - Preview\backend\orders\views.py changed, reloading.
INFO 2025-06-14 21:22:04,906 autoreload 71108 68860 Watching for file changes with StatReloader
INFO 2025-06-14 21:22:22,317 autoreload 71108 68860 C:\Users\alien\Downloads\Malikli-son - Preview\backend\orders\views.py changed, reloading.
INFO 2025-06-14 21:22:23,472 autoreload 53308 7116 Watching for file changes with StatReloader
INFO 2025-06-14 21:22:34,142 autoreload 53308 7116 C:\Users\alien\Downloads\Malikli-son - Preview\backend\orders\views.py changed, reloading.
INFO 2025-06-14 21:22:35,217 autoreload 3416 47216 Watching for file changes with StatReloader
INFO 2025-06-14 21:22:45,573 basehttp 3416 16792 "GET /api/v1/auth/profile/ HTTP/1.1" 200 269
INFO 2025-06-14 21:22:45,663 autoreload 3416 47216 C:\Users\alien\Downloads\Malikli-son - Preview\backend\orders\views.py changed, reloading.
INFO 2025-06-14 21:22:47,121 autoreload 23540 17964 Watching for file changes with StatReloader
INFO 2025-06-14 21:23:11,210 autoreload 23540 17964 C:\Users\alien\Downloads\Malikli-son - Preview\backend\orders\views.py changed, reloading.
INFO 2025-06-14 21:23:12,480 autoreload 35524 4784 Watching for file changes with StatReloader
INFO 2025-06-14 21:23:31,741 basehttp 35524 40452 "GET /api/v1/admin/orders/ HTTP/1.1" 200 9103
INFO 2025-06-14 21:23:33,400 basehttp 35524 19744 "GET /api/v1/admin/orders/ HTTP/1.1" 200 9103
INFO 2025-06-14 21:23:51,369 autoreload 35524 4784 C:\Users\alien\Downloads\Malikli-son - Preview\backend\orders\views.py changed, reloading.
INFO 2025-06-14 21:23:52,472 autoreload 16424 70840 Watching for file changes with StatReloader
INFO 2025-06-14 21:24:21,995 autoreload 16424 70840 C:\Users\alien\Downloads\Malikli-son - Preview\backend\orders\views.py changed, reloading.
INFO 2025-06-14 21:24:22,969 autoreload 62528 70972 Watching for file changes with StatReloader
INFO 2025-06-14 21:24:32,964 autoreload 62528 70972 C:\Users\alien\Downloads\Malikli-son - Preview\backend\orders\views.py changed, reloading.
INFO 2025-06-14 21:24:33,900 autoreload 68476 51640 Watching for file changes with StatReloader
INFO 2025-06-14 21:24:39,345 basehttp 68476 60072 "GET /api/v1/auth/profile/ HTTP/1.1" 200 269
INFO 2025-06-14 21:24:39,811 basehttp 68476 71536 "GET /api/v1/categories/?is_featured=true HTTP/1.1" 200 351
INFO 2025-06-14 21:24:39,831 basehttp 68476 60072 "GET /api/v1/carts/mine/ HTTP/1.1" 200 216
INFO 2025-06-14 21:24:40,185 basehttp 68476 71536 "GET /api/v1/categories/?is_featured=true HTTP/1.1" 200 351
INFO 2025-06-14 21:24:41,949 autoreload 68476 51640 C:\Users\alien\Downloads\Malikli-son - Preview\backend\orders\urls.py changed, reloading.
INFO 2025-06-14 21:24:43,111 autoreload 14444 21924 Watching for file changes with StatReloader
INFO 2025-06-14 21:24:49,340 autoreload 14444 21924 C:\Users\alien\Downloads\Malikli-son - Preview\backend\orders\urls.py changed, reloading.
INFO 2025-06-14 21:24:50,276 autoreload 41596 52772 Watching for file changes with StatReloader
INFO 2025-06-14 21:25:06,587 basehttp 41596 68360 "GET /api/v1/admin/orders/ HTTP/1.1" 200 9103
INFO 2025-06-14 21:25:08,244 basehttp 41596 31292 "GET /api/v1/admin/orders/ HTTP/1.1" 200 9103
INFO 2025-06-14 21:25:12,828 basehttp 41596 31292 "GET /api/v1/auth/profile/ HTTP/1.1" 200 269
INFO 2025-06-14 21:25:13,308 basehttp 41596 68360 "GET /api/v1/carts/mine/ HTTP/1.1" 200 216
INFO 2025-06-14 21:25:13,680 basehttp 41596 68360 "GET /api/v1/categories/?is_featured=true HTTP/1.1" 200 351
INFO 2025-06-14 21:25:14,026 basehttp 41596 31292 "GET /api/v1/admin/orders/ HTTP/1.1" 200 9103
INFO 2025-06-14 21:25:14,502 basehttp 41596 23244 "GET /api/v1/categories/?is_featured=true HTTP/1.1" 200 351
INFO 2025-06-14 21:25:15,945 basehttp 41596 68360 "GET /api/v1/products/ HTTP/1.1" 200 6879
INFO 2025-06-14 21:25:18,202 basehttp 41596 23244 "GET /api/v1/products/ HTTP/1.1" 200 6879
INFO 2025-06-14 21:25:21,801 basehttp 41596 23244 "GET /api/v1/admin/orders/ HTTP/1.1" 200 9103
INFO 2025-06-14 21:25:22,999 basehttp 41596 68360 "GET /api/v1/admin/orders/ HTTP/1.1" 200 9103
INFO 2025-06-14 21:26:34,820 basehttp 41596 68360 "GET /api/v1/auth/profile/ HTTP/1.1" 200 269
INFO 2025-06-14 21:26:35,284 basehttp 41596 23244 "GET /api/v1/carts/mine/ HTTP/1.1" 200 216
INFO 2025-06-14 21:26:35,647 basehttp 41596 31292 "GET /api/v1/categories/?is_featured=true HTTP/1.1" 200 351
INFO 2025-06-14 21:26:36,014 basehttp 41596 23244 "GET /api/v1/categories/?is_featured=true HTTP/1.1" 200 351
INFO 2025-06-14 21:26:36,021 basehttp 41596 68360 "GET /api/v1/admin/orders/ HTTP/1.1" 200 9103
INFO 2025-06-14 21:26:37,844 basehttp 41596 31292 "GET /api/v1/products/ HTTP/1.1" 200 6879
INFO 2025-06-14 21:26:40,021 basehttp 41596 68360 "GET /api/v1/products/ HTTP/1.1" 200 6879
INFO 2025-06-14 21:26:41,169 basehttp 41596 31292 "GET /api/v1/admin/orders/ HTTP/1.1" 200 9103
INFO 2025-06-14 21:26:42,372 basehttp 41596 68360 "GET /api/v1/admin/orders/ HTTP/1.1" 200 9103
INFO 2025-06-14 21:26:45,764 basehttp 41596 68360 "GET /api/v1/auth/profile/ HTTP/1.1" 200 269
INFO 2025-06-14 21:26:46,229 basehttp 41596 31292 "GET /api/v1/carts/mine/ HTTP/1.1" 200 216
INFO 2025-06-14 21:26:46,681 basehttp 41596 23244 "GET /api/v1/categories/?is_featured=true HTTP/1.1" 200 351
INFO 2025-06-14 21:26:46,974 basehttp 41596 68360 "GET /api/v1/admin/orders/ HTTP/1.1" 200 9103
INFO 2025-06-14 21:26:47,196 basehttp 41596 31292 "GET /api/v1/categories/?is_featured=true HTTP/1.1" 200 351
INFO 2025-06-14 21:26:49,049 basehttp 41596 23244 "GET /api/v1/products/ HTTP/1.1" 200 6879
INFO 2025-06-14 21:26:51,248 basehttp 41596 31292 "GET /api/v1/products/ HTTP/1.1" 200 6879
INFO 2025-06-14 21:27:42,847 basehttp 41596 31292 "GET /api/v1/admin/orders/ HTTP/1.1" 200 9103
INFO 2025-06-14 21:27:44,063 basehttp 41596 23244 "GET /api/v1/admin/orders/ HTTP/1.1" 200 9103
INFO 2025-06-14 21:29:12,030 basehttp 41596 23244 "GET /api/v1/admin/orders/ HTTP/1.1" 200 9103
INFO 2025-06-14 21:30:32,849 basehttp 41596 23244 "GET /api/v1/admin/orders/ HTTP/1.1" 200 9103
INFO 2025-06-14 21:33:04,888 basehttp 41596 23244 "GET /api/v1/orders/?ordering=-created_at&page_size=50 HTTP/1.1" 200 9103
INFO 2025-06-14 21:33:05,785 basehttp 41596 23244 "GET /api/v1/orders/?ordering=-created_at&page_size=50 HTTP/1.1" 200 9103
INFO 2025-06-14 21:33:28,737 basehttp 41596 23244 "GET /api/v1/categories/?is_featured=true HTTP/1.1" 200 351
INFO 2025-06-14 21:33:29,663 basehttp 41596 70716 "GET /api/v1/categories/?is_featured=true HTTP/1.1" 200 351
INFO 2025-06-14 21:33:30,971 basehttp 41596 23244 "GET /api/v1/products/ HTTP/1.1" 200 6879
INFO 2025-06-14 21:33:33,103 basehttp 41596 70716 "GET /api/v1/products/ HTTP/1.1" 200 6879
INFO 2025-06-14 21:33:36,580 basehttp 41596 70716 "GET /api/v1/auth/profile/ HTTP/1.1" 200 269
INFO 2025-06-14 21:33:37,128 basehttp 41596 70716 "GET /api/v1/carts/mine/ HTTP/1.1" 200 216
INFO 2025-06-14 21:33:39,175 basehttp 41596 70716 "GET /api/v1/auth/profile/ HTTP/1.1" 200 269
INFO 2025-06-14 21:33:39,635 basehttp 41596 70716 "GET /api/v1/carts/mine/ HTTP/1.1" 200 216
INFO 2025-06-14 21:33:39,902 basehttp 41596 23244 "GET /api/v1/categories/?is_featured=true HTTP/1.1" 200 351
INFO 2025-06-14 21:33:40,266 basehttp 41596 70716 "GET /api/v1/categories/?is_featured=true HTTP/1.1" 200 351
INFO 2025-06-14 21:33:42,128 basehttp 41596 23244 "GET /api/v1/products/ HTTP/1.1" 200 6879
INFO 2025-06-14 21:33:44,291 basehttp 41596 70716 "GET /api/v1/products/ HTTP/1.1" 200 6879
INFO 2025-06-14 21:33:46,873 basehttp 41596 70716 "GET /api/v1/orders/?ordering=-created_at&page_size=50 HTTP/1.1" 200 9103
INFO 2025-06-14 21:33:47,768 basehttp 41596 23244 "GET /api/v1/orders/?ordering=-created_at&page_size=50 HTTP/1.1" 200 9103
INFO 2025-06-14 21:33:55,563 basehttp 41596 23244 "GET /api/v1/categories/?is_featured=true HTTP/1.1" 200 351
INFO 2025-06-14 21:33:55,924 basehttp 41596 70716 "GET /api/v1/categories/?is_featured=true HTTP/1.1" 200 351
INFO 2025-06-14 21:33:57,812 basehttp 41596 23244 "GET /api/v1/products/ HTTP/1.1" 200 6879
INFO 2025-06-14 21:33:59,967 basehttp 41596 70716 "GET /api/v1/products/ HTTP/1.1" 200 6879
INFO 2025-06-14 21:34:06,035 basehttp 41596 70716 "GET /api/v1/orders/?ordering=-created_at&page_size=50 HTTP/1.1" 200 9103
INFO 2025-06-14 21:34:06,924 basehttp 41596 23244 "GET /api/v1/orders/?ordering=-created_at&page_size=50 HTTP/1.1" 200 9103
INFO 2025-06-14 21:34:10,002 basehttp 41596 23244 "GET /api/v1/admin/orders/ HTTP/1.1" 200 9103
INFO 2025-06-14 21:34:11,154 basehttp 41596 70716 "GET /api/v1/admin/orders/ HTTP/1.1" 200 9103
INFO 2025-06-14 21:42:32,641 basehttp 41596 67260 "GET /api/v1/auth/profile/ HTTP/1.1" 200 269
INFO 2025-06-14 21:42:33,107 basehttp 41596 67260 "GET /api/v1/carts/mine/ HTTP/1.1" 200 216
INFO 2025-06-14 21:42:36,514 basehttp 41596 67260 "GET /api/v1/auth/profile/ HTTP/1.1" 200 269
INFO 2025-06-14 21:42:37,977 basehttp 41596 57464 "GET /api/v1/carts/mine/ HTTP/1.1" 200 216
INFO 2025-06-14 21:42:38,295 basehttp 41596 67260 "GET /api/v1/admin/orders/ HTTP/1.1" 200 9103
INFO 2025-06-14 21:42:38,662 basehttp 41596 63492 "GET /api/v1/categories/?is_featured=true HTTP/1.1" 200 351
INFO 2025-06-14 21:42:39,024 basehttp 41596 67260 "GET /api/v1/categories/?is_featured=true HTTP/1.1" 200 351
INFO 2025-06-14 21:42:40,890 basehttp 41596 63492 "GET /api/v1/products/ HTTP/1.1" 200 6879
INFO 2025-06-14 21:42:43,197 basehttp 41596 67260 "GET /api/v1/products/ HTTP/1.1" 200 6879
INFO 2025-06-14 21:42:43,708 basehttp 41596 63492 "GET /api/v1/admin/orders/ HTTP/1.1" 200 9103
INFO 2025-06-14 21:42:44,913 basehttp 41596 67260 "GET /api/v1/admin/orders/ HTTP/1.1" 200 9103
INFO 2025-06-14 21:42:56,818 basehttp 41596 67260 "GET /api/v1/orders/?ordering=-created_at&page_size=50 HTTP/1.1" 200 9103
INFO 2025-06-14 21:42:57,704 basehttp 41596 63492 "GET /api/v1/orders/?ordering=-created_at&page_size=50 HTTP/1.1" 200 9103
INFO 2025-06-14 21:43:02,534 basehttp 41596 63492 "GET /api/v1/admin/orders/ HTTP/1.1" 200 9103
INFO 2025-06-14 21:43:03,709 basehttp 41596 67260 "GET /api/v1/admin/orders/ HTTP/1.1" 200 9103
INFO 2025-06-14 21:43:45,231 basehttp 41596 67260 "OPTIONS /api/v1/admin/orders/undefined/update_payment_status/ HTTP/1.1" 200 0
WARNING 2025-06-14 21:43:45,309 basehttp 41596 67260 "PATCH /api/v1/admin/orders/undefined/update_payment_status/ HTTP/1.1" 404 50
INFO 2025-06-14 21:44:14,259 basehttp 41596 67260 "GET /api/v1/auth/profile/ HTTP/1.1" 200 269
INFO 2025-06-14 21:44:14,711 basehttp 41596 63492 "GET /api/v1/carts/mine/ HTTP/1.1" 200 216
INFO 2025-06-14 21:44:15,443 basehttp 41596 67260 "GET /api/v1/admin/orders/ HTTP/1.1" 200 9103
INFO 2025-06-14 21:44:16,008 basehttp 41596 67260 "GET /api/v1/categories/?is_featured=true HTTP/1.1" 200 351
INFO 2025-06-14 21:44:16,381 basehttp 41596 63492 "GET /api/v1/categories/?is_featured=true HTTP/1.1" 200 351
INFO 2025-06-14 21:44:18,201 basehttp 41596 67260 "GET /api/v1/products/ HTTP/1.1" 200 6879
INFO 2025-06-14 21:44:20,416 basehttp 41596 63492 "GET /api/v1/products/ HTTP/1.1" 200 6879
INFO 2025-06-14 21:44:24,588 basehttp 41596 63492 "GET /api/v1/admin/orders/ HTTP/1.1" 200 9103
INFO 2025-06-14 21:44:25,761 basehttp 41596 67260 "GET /api/v1/admin/orders/ HTTP/1.1" 200 9103
WARNING 2025-06-14 21:44:31,147 basehttp 41596 67260 "PATCH /api/v1/admin/orders/undefined/update_payment_status/ HTTP/1.1" 404 50
INFO 2025-06-14 21:45:23,935 basehttp 41596 67260 "GET /api/v1/admin/orders/ HTTP/1.1" 200 9103
INFO 2025-06-14 21:45:25,144 basehttp 41596 63492 "GET /api/v1/admin/orders/ HTTP/1.1" 200 9103
INFO 2025-06-14 21:45:45,170 basehttp 41596 63492 "GET /api/v1/auth/profile/ HTTP/1.1" 200 269
INFO 2025-06-14 21:45:45,632 basehttp 41596 63492 "GET /api/v1/carts/mine/ HTTP/1.1" 200 216
INFO 2025-06-14 21:45:46,476 basehttp 41596 63492 "GET /api/v1/categories/?is_featured=true HTTP/1.1" 200 351
INFO 2025-06-14 21:45:46,844 basehttp 41596 67260 "GET /api/v1/categories/?is_featured=true HTTP/1.1" 200 351
INFO 2025-06-14 21:45:48,719 basehttp 41596 63492 "GET /api/v1/products/ HTTP/1.1" 200 6879
INFO 2025-06-14 21:45:50,901 basehttp 41596 67260 "GET /api/v1/products/ HTTP/1.1" 200 6879
INFO 2025-06-14 21:45:54,370 basehttp 41596 67260 "GET /api/v1/admin/orders/ HTTP/1.1" 200 9103
INFO 2025-06-14 21:45:55,565 basehttp 41596 63492 "GET /api/v1/admin/orders/ HTTP/1.1" 200 9103
INFO 2025-06-14 21:46:52,585 basehttp 41596 63492 "GET /api/v1/admin/orders/ HTTP/1.1" 200 9103
INFO 2025-06-14 21:46:53,850 basehttp 41596 67260 "GET /api/v1/admin/orders/ HTTP/1.1" 200 9103
INFO 2025-06-14 21:47:20,694 basehttp 41596 67260 "GET /api/v1/auth/profile/ HTTP/1.1" 200 269
INFO 2025-06-14 21:47:21,411 basehttp 41596 63492 "GET /api/v1/carts/mine/ HTTP/1.1" 200 216
INFO 2025-06-14 21:47:21,790 basehttp 41596 63492 "GET /api/v1/categories/?is_featured=true HTTP/1.1" 200 351
INFO 2025-06-14 21:47:22,129 basehttp 41596 67260 "GET /api/v1/admin/orders/ HTTP/1.1" 200 9103
INFO 2025-06-14 21:47:22,173 basehttp 41596 57464 "GET /api/v1/categories/?is_featured=true HTTP/1.1" 200 351
INFO 2025-06-14 21:47:24,029 basehttp 41596 63492 "GET /api/v1/products/ HTTP/1.1" 200 6879
INFO 2025-06-14 21:47:26,131 basehttp 41596 63492 "GET /api/v1/admin/orders/ HTTP/1.1" 200 9103
INFO 2025-06-14 21:47:26,220 basehttp 41596 57464 "GET /api/v1/products/ HTTP/1.1" 200 6879
INFO 2025-06-14 21:47:27,301 basehttp 41596 67260 "GET /api/v1/admin/orders/ HTTP/1.1" 200 9103
WARNING 2025-06-14 21:47:36,890 basehttp 41596 67260 "PATCH /api/v1/admin/orders/undefined/update_payment_status/ HTTP/1.1" 404 50
INFO 2025-06-14 21:48:36,941 basehttp 41596 67260 "GET /api/v1/admin/orders/ HTTP/1.1" 200 9103
INFO 2025-06-14 21:48:38,131 basehttp 41596 57464 "GET /api/v1/admin/orders/ HTTP/1.1" 200 9103
WARNING 2025-06-14 21:48:42,160 basehttp 41596 57464 "PATCH /api/v1/admin/orders/undefined/update_payment_status/ HTTP/1.1" 404 50
INFO 2025-06-14 21:48:51,146 basehttp 41596 57464 "GET /api/v1/admin/orders/ HTTP/1.1" 200 9103
INFO 2025-06-14 21:48:52,325 basehttp 41596 67260 "GET /api/v1/admin/orders/ HTTP/1.1" 200 9103
INFO 2025-06-14 21:50:26,487 basehttp 41596 67260 "OPTIONS /api/v1/admin/orders/13a65ad2-7f72-4bee-9344-bef5b32fd77f/update_payment_status/ HTTP/1.1" 200 0
INFO 2025-06-14 21:50:27,061 basehttp 41596 67260 "PATCH /api/v1/admin/orders/13a65ad2-7f72-4bee-9344-bef5b32fd77f/update_payment_status/ HTTP/1.1" 200 2247
INFO 2025-06-14 21:50:34,249 basehttp 41596 67260 "PATCH /api/v1/admin/orders/13a65ad2-7f72-4bee-9344-bef5b32fd77f/update_payment_status/ HTTP/1.1" 200 2251
INFO 2025-06-14 21:50:38,436 basehttp 41596 67260 "PATCH /api/v1/admin/orders/13a65ad2-7f72-4bee-9344-bef5b32fd77f/update_payment_status/ HTTP/1.1" 200 2253
INFO 2025-06-14 21:50:41,092 basehttp 41596 67260 "PATCH /api/v1/admin/orders/13a65ad2-7f72-4bee-9344-bef5b32fd77f/update_payment_status/ HTTP/1.1" 200 2247
INFO 2025-06-14 21:50:48,243 basehttp 41596 67260 "GET /api/v1/orders/?ordering=-created_at&page_size=50 HTTP/1.1" 200 9099
INFO 2025-06-14 21:50:49,131 basehttp 41596 57464 "GET /api/v1/orders/?ordering=-created_at&page_size=50 HTTP/1.1" 200 9099
INFO 2025-06-14 21:51:00,522 basehttp 41596 57464 "GET /api/v1/admin/orders/ HTTP/1.1" 200 9099
INFO 2025-06-14 21:51:01,701 basehttp 41596 67260 "GET /api/v1/admin/orders/ HTTP/1.1" 200 9099
INFO 2025-06-14 21:51:07,304 basehttp 41596 67260 "OPTIONS /api/v1/admin/orders/bb2df6c0-d376-46ec-9fa7-8b68c393dc82/update_payment_status/ HTTP/1.1" 200 0
INFO 2025-06-14 21:51:07,822 basehttp 41596 67260 "PATCH /api/v1/admin/orders/bb2df6c0-d376-46ec-9fa7-8b68c393dc82/update_payment_status/ HTTP/1.1" 200 2250
INFO 2025-06-14 21:51:12,014 basehttp 41596 67260 "GET /api/v1/orders/?ordering=-created_at&page_size=50 HTTP/1.1" 200 9093
INFO 2025-06-14 21:51:12,910 basehttp 41596 57464 "GET /api/v1/orders/?ordering=-created_at&page_size=50 HTTP/1.1" 200 9093
INFO 2025-06-14 21:51:19,721 basehttp 41596 57464 "GET /api/v1/admin/orders/ HTTP/1.1" 200 9093
INFO 2025-06-14 21:51:20,893 basehttp 41596 67260 "GET /api/v1/admin/orders/ HTTP/1.1" 200 9093
INFO 2025-06-14 21:53:16,619 basehttp 41596 67260 "GET /api/v1/auth/profile/ HTTP/1.1" 200 269
INFO 2025-06-14 21:53:17,082 basehttp 41596 67260 "GET /api/v1/carts/mine/ HTTP/1.1" 200 216
INFO 2025-06-14 21:53:24,664 basehttp 41596 67260 "GET /api/v1/admin/orders/ HTTP/1.1" 200 9093
INFO 2025-06-14 21:53:26,324 basehttp 41596 57464 "GET /api/v1/admin/orders/ HTTP/1.1" 200 9093
INFO 2025-06-14 21:53:30,114 basehttp 41596 57464 "GET /api/v1/auth/profile/ HTTP/1.1" 200 269
INFO 2025-06-14 21:53:30,570 basehttp 41596 57464 "GET /api/v1/carts/mine/ HTTP/1.1" 200 216
INFO 2025-06-14 21:54:04,313 basehttp 41596 65488 "GET /api/v1/auth/profile/ HTTP/1.1" 200 269
INFO 2025-06-14 21:54:04,806 basehttp 41596 65488 "GET /api/v1/carts/mine/ HTTP/1.1" 200 216
INFO 2025-06-14 21:55:15,861 basehttp 41596 65488 "GET /api/v1/admin/orders/ HTTP/1.1" 200 9093
INFO 2025-06-14 21:55:17,188 basehttp 41596 65488 "GET /api/v1/admin/orders/ HTTP/1.1" 200 9093
INFO 2025-06-14 21:59:42,317 basehttp 41596 65488 "GET /api/v1/admin/orders/ HTTP/1.1" 200 9093
INFO 2025-06-14 21:59:43,513 basehttp 41596 65488 "GET /api/v1/admin/orders/ HTTP/1.1" 200 9093
INFO 2025-06-14 21:59:47,470 basehttp 41596 65488 "GET /api/v1/admin/orders/ HTTP/1.1" 200 9093
INFO 2025-06-14 21:59:49,214 basehttp 41596 66856 "GET /api/v1/admin/orders/ HTTP/1.1" 200 9093
INFO 2025-06-14 22:00:25,995 basehttp 41596 66856 "GET /api/v1/admin/orders/ HTTP/1.1" 200 9093
INFO 2025-06-14 22:00:27,173 basehttp 41596 65488 "GET /api/v1/admin/orders/ HTTP/1.1" 200 9093
INFO 2025-06-14 22:00:29,456 basehttp 41596 65488 "GET /api/v1/auth/profile/ HTTP/1.1" 200 269
INFO 2025-06-14 22:00:29,904 basehttp 41596 65488 "GET /api/v1/carts/mine/ HTTP/1.1" 200 216
INFO 2025-06-14 22:00:45,940 basehttp 41596 65488 "GET /api/v1/auth/profile/ HTTP/1.1" 200 269
INFO 2025-06-14 22:00:46,392 basehttp 41596 65488 "GET /api/v1/carts/mine/ HTTP/1.1" 200 216
INFO 2025-06-14 22:00:46,441 basehttp 41596 66856 "GET /api/v1/orders/bb2df6c0-d376-46ec-9fa7-8b68c393dc82/ HTTP/1.1" 200 2250
INFO 2025-06-14 22:02:06,016 basehttp 41596 66856 "GET /api/v1/auth/profile/ HTTP/1.1" 200 269
INFO 2025-06-14 22:02:06,643 basehttp 41596 65488 "GET /api/v1/carts/mine/ HTTP/1.1" 200 216
INFO 2025-06-14 22:02:06,698 basehttp 41596 66856 "GET /api/v1/orders/bb2df6c0-d376-46ec-9fa7-8b68c393dc82/ HTTP/1.1" 200 2250
INFO 2025-06-14 22:03:03,125 basehttp 41596 66856 "GET /api/v1/orders/?ordering=-created_at&page_size=50 HTTP/1.1" 200 9093
INFO 2025-06-14 22:03:04,042 basehttp 41596 65488 "GET /api/v1/orders/?ordering=-created_at&page_size=50 HTTP/1.1" 200 9093
INFO 2025-06-14 22:03:08,696 basehttp 41596 65488 "GET /api/v1/admin/orders/ HTTP/1.1" 200 9093
INFO 2025-06-14 22:03:09,912 basehttp 41596 66856 "GET /api/v1/admin/orders/ HTTP/1.1" 200 9093
INFO 2025-06-14 22:03:30,233 basehttp 41596 66856 "GET /api/v1/auth/profile/ HTTP/1.1" 200 269
INFO 2025-06-14 22:03:30,749 basehttp 41596 66856 "GET /api/v1/carts/mine/ HTTP/1.1" 200 216
INFO 2025-06-14 22:06:25,324 basehttp 41596 66856 "GET /api/v1/auth/profile/ HTTP/1.1" 200 269
INFO 2025-06-14 22:06:25,539 basehttp 41596 66856 "OPTIONS /api/v1/admin/orders/bb2df6c0-d376-46ec-9fa7-8b68c393dc82/ HTTP/1.1" 200 0
INFO 2025-06-14 22:06:26,009 basehttp 41596 66856 "GET /api/v1/admin/orders/bb2df6c0-d376-46ec-9fa7-8b68c393dc82/ HTTP/1.1" 200 2250
INFO 2025-06-14 22:06:26,815 basehttp 41596 65488 "GET /api/v1/carts/mine/ HTTP/1.1" 200 216
INFO 2025-06-14 22:06:27,549 basehttp 41596 65488 "GET /api/v1/categories/?is_featured=true HTTP/1.1" 200 351
INFO 2025-06-14 22:06:27,940 basehttp 41596 66856 "GET /api/v1/categories/?is_featured=true HTTP/1.1" 200 351
INFO 2025-06-14 22:06:30,554 basehttp 41596 65488 "GET /api/v1/products/ HTTP/1.1" 200 6879
INFO 2025-06-14 22:06:32,800 basehttp 41596 66856 "GET /api/v1/products/ HTTP/1.1" 200 6879
INFO 2025-06-14 22:06:33,237 basehttp 41596 65488 "GET /api/v1/admin/orders/ HTTP/1.1" 200 9093
INFO 2025-06-14 22:06:34,414 basehttp 41596 66856 "GET /api/v1/admin/orders/ HTTP/1.1" 200 9093
INFO 2025-06-14 22:06:35,036 basehttp 41596 66856 "GET /api/v1/admin/orders/bb2df6c0-d376-46ec-9fa7-8b68c393dc82/ HTTP/1.1" 200 2250
INFO 2025-06-14 22:06:35,489 basehttp 41596 65488 "GET /api/v1/admin/orders/bb2df6c0-d376-46ec-9fa7-8b68c393dc82/ HTTP/1.1" 200 2250
INFO 2025-06-14 22:09:15,102 basehttp 41596 65488 "GET /api/v1/categories/?is_featured=true HTTP/1.1" 200 351
INFO 2025-06-14 22:09:15,468 basehttp 41596 66856 "GET /api/v1/categories/?is_featured=true HTTP/1.1" 200 351
INFO 2025-06-14 22:09:17,315 basehttp 41596 65488 "GET /api/v1/products/ HTTP/1.1" 200 6879
INFO 2025-06-14 22:09:17,779 autoreload 41596 52772 C:\Users\alien\Downloads\Malikli-son - Preview\backend\orders\views.py changed, reloading.
INFO 2025-06-14 22:09:19,358 autoreload 62092 66468 Watching for file changes with StatReloader
INFO 2025-06-14 22:09:33,666 basehttp 62092 41256 "GET /api/v1/auth/profile/ HTTP/1.1" 200 269
INFO 2025-06-14 22:09:34,303 basehttp 62092 7476 "GET /api/v1/categories/?is_featured=true HTTP/1.1" 200 351
INFO 2025-06-14 22:09:34,435 basehttp 62092 41256 "GET /api/v1/carts/mine/ HTTP/1.1" 200 216
INFO 2025-06-14 22:09:34,893 autoreload 62092 66468 C:\Users\alien\Downloads\Malikli-son - Preview\backend\orders\views.py changed, reloading.
INFO 2025-06-14 22:09:36,248 autoreload 54444 20920 Watching for file changes with StatReloader
INFO 2025-06-14 22:09:49,247 autoreload 54444 20920 C:\Users\alien\Downloads\Malikli-son - Preview\backend\orders\views.py changed, reloading.
INFO 2025-06-14 22:09:50,362 autoreload 70644 32424 Watching for file changes with StatReloader
INFO 2025-06-14 22:10:07,764 autoreload 70644 32424 C:\Users\alien\Downloads\Malikli-son - Preview\backend\orders\views.py changed, reloading.
INFO 2025-06-14 22:10:08,981 autoreload 39284 59520 Watching for file changes with StatReloader
INFO 2025-06-14 22:10:12,529 basehttp 39284 26076 "GET /api/v1/auth/profile/ HTTP/1.1" 200 269
INFO 2025-06-14 22:10:12,835 basehttp 39284 20920 "GET /api/v1/categories/?is_featured=true HTTP/1.1" 200 351
INFO 2025-06-14 22:10:13,021 basehttp 39284 26076 "GET /api/v1/carts/mine/ HTTP/1.1" 200 216
INFO 2025-06-14 22:10:15,095 basehttp 39284 20920 "GET /api/v1/products/ HTTP/1.1" 200 6879
INFO 2025-06-14 22:10:23,859 basehttp 39284 20920 "GET /api/v1/admin/orders/ HTTP/1.1" 200 9093
INFO 2025-06-14 22:10:25,058 basehttp 39284 26076 "GET /api/v1/admin/orders/ HTTP/1.1" 200 9093
INFO 2025-06-14 22:10:26,903 basehttp 39284 26076 "GET /api/v1/admin/orders/bb2df6c0-d376-46ec-9fa7-8b68c393dc82/ HTTP/1.1" 200 2250
INFO 2025-06-14 22:10:27,382 basehttp 39284 20920 "GET /api/v1/admin/orders/bb2df6c0-d376-46ec-9fa7-8b68c393dc82/ HTTP/1.1" 200 2250
INFO 2025-06-14 22:11:02,529 basehttp 39284 20920 "GET /api/v1/orders/?ordering=-created_at&page_size=50 HTTP/1.1" 200 9093
INFO 2025-06-14 22:11:03,421 basehttp 39284 26076 "GET /api/v1/orders/?ordering=-created_at&page_size=50 HTTP/1.1" 200 9093
INFO 2025-06-14 22:11:05,862 basehttp 39284 26076 "GET /api/v1/categories/?is_featured=true HTTP/1.1" 200 351
INFO 2025-06-14 22:11:06,246 basehttp 39284 20920 "GET /api/v1/categories/?is_featured=true HTTP/1.1" 200 351
INFO 2025-06-14 22:11:08,274 basehttp 39284 26076 "GET /api/v1/products/ HTTP/1.1" 200 6879
INFO 2025-06-14 22:11:10,532 basehttp 39284 20920 "GET /api/v1/products/ HTTP/1.1" 200 6879
INFO 2025-06-14 22:16:00,238 autoreload 39284 59520 C:\Users\alien\Downloads\Malikli-son - Preview\backend\orders\views.py changed, reloading.
INFO 2025-06-14 22:16:01,840 autoreload 31292 58468 Watching for file changes with StatReloader
INFO 2025-06-14 22:17:52,871 autoreload 31292 58468 C:\Users\alien\Downloads\Malikli-son - Preview\backend\orders\views.py changed, reloading.
INFO 2025-06-14 22:17:53,999 autoreload 45924 12124 Watching for file changes with StatReloader
INFO 2025-06-14 22:36:42,768 autoreload 45924 12124 C:\Users\alien\Downloads\Malikli-son - Preview\backend\backend\settings.py changed, reloading.
INFO 2025-06-14 22:36:43,865 autoreload 25700 71008 Watching for file changes with StatReloader
INFO 2025-06-14 22:37:02,768 autoreload 25700 71008 C:\Users\alien\Downloads\Malikli-son - Preview\backend\backend\settings.py changed, reloading.
INFO 2025-06-14 22:37:03,886 autoreload 69120 23740 Watching for file changes with StatReloader
INFO 2025-06-15 01:58:01,887 autoreload 62108 67148 Watching for file changes with StatReloader
INFO 2025-06-15 01:58:29,059 basehttp 62108 72268 "OPTIONS /api/v1/categories/?is_featured=true HTTP/1.1" 200 0
INFO 2025-06-15 01:58:29,063 basehttp 62108 72272 "OPTIONS /api/v1/categories/?is_featured=true HTTP/1.1" 200 0
INFO 2025-06-15 01:58:30,005 basehttp 62108 72268 "GET /api/v1/categories/?is_featured=true HTTP/1.1" 200 351
INFO 2025-06-15 01:58:30,013 basehttp 62108 72268 "OPTIONS /api/v1/products/ HTTP/1.1" 200 0
INFO 2025-06-15 01:58:30,800 basehttp 62108 72272 "GET /api/v1/categories/?is_featured=true HTTP/1.1" 200 351
INFO 2025-06-15 01:58:33,342 basehttp 62108 72268 "GET /api/v1/products/ HTTP/1.1" 200 6879
INFO 2025-06-15 01:58:36,675 basehttp 62108 72272 "GET /api/v1/products/ HTTP/1.1" 200 6879
INFO 2025-06-15 01:59:05,704 basehttp 62108 72272 "OPTIONS /api/v1/auth/login/ HTTP/1.1" 200 0
INFO 2025-06-15 01:59:06,717 basehttp 62108 72272 "POST /api/v1/auth/login/ HTTP/1.1" 200 483
INFO 2025-06-15 01:59:06,737 basehttp 62108 72272 "OPTIONS /api/v1/auth/profile/ HTTP/1.1" 200 0
INFO 2025-06-15 01:59:06,933 basehttp 62108 72272 "GET /api/v1/auth/profile/ HTTP/1.1" 200 269
INFO 2025-06-15 01:59:06,997 basehttp 62108 72268 "OPTIONS /api/v1/carts/mine/ HTTP/1.1" 200 0
INFO 2025-06-15 01:59:07,318 basehttp 62108 72272 "GET /api/v1/categories/?is_featured=true HTTP/1.1" 200 351
INFO 2025-06-15 01:59:07,437 basehttp 62108 72268 "GET /api/v1/carts/mine/ HTTP/1.1" 200 216
INFO 2025-06-15 01:59:08,211 basehttp 62108 72276 "GET /api/v1/categories/?is_featured=true HTTP/1.1" 200 351
INFO 2025-06-15 01:59:09,507 basehttp 62108 72272 "GET /api/v1/products/ HTTP/1.1" 200 6879
INFO 2025-06-15 01:59:11,724 basehttp 62108 72276 "GET /api/v1/products/ HTTP/1.1" 200 6879
INFO 2025-06-15 02:01:08,124 basehttp 62108 28116 "OPTIONS /api/v1/auth/login/ HTTP/1.1" 200 0
INFO 2025-06-15 02:11:06,999 basehttp 62108 27896 "OPTIONS /api/v1/auth/login/ HTTP/1.1" 200 0
INFO 2025-06-15 02:11:08,512 basehttp 62108 27896 "OPTIONS /api/v1/auth/login/ HTTP/1.1" 200 0
INFO 2025-06-15 02:11:09,181 basehttp 62108 27896 "OPTIONS /api/v1/auth/login/ HTTP/1.1" 200 0
INFO 2025-06-15 02:11:35,503 basehttp 62108 27896 "OPTIONS /api/v1/auth/login/ HTTP/1.1" 200 0
INFO 2025-06-15 02:13:18,934 basehttp 62108 27896 "OPTIONS /api/v1/auth/login/ HTTP/1.1" 200 0
INFO 2025-06-15 02:13:20,173 basehttp 62108 27896 "OPTIONS /api/v1/auth/login/ HTTP/1.1" 200 0
INFO 2025-06-15 02:13:29,713 basehttp 62108 27896 "OPTIONS /api/v1/auth/login/ HTTP/1.1" 200 0
INFO 2025-06-15 02:18:24,848 basehttp 62108 27896 "OPTIONS /api/v1/auth/login/ HTTP/1.1" 200 0
INFO 2025-06-15 02:19:09,692 basehttp 62108 69472 "OPTIONS /api/v1/auth/login/ HTTP/1.1" 200 0
INFO 2025-06-15 02:27:36,014 basehttp 62108 72308 "OPTIONS /api/v1/auth/login/ HTTP/1.1" 200 0
INFO 2025-06-15 02:27:46,712 basehttp 62108 72308 "OPTIONS /api/v1/auth/login/ HTTP/1.1" 200 0
INFO 2025-06-15 02:33:02,061 basehttp 62108 12124 "OPTIONS /api/v1/auth/login/ HTTP/1.1" 200 0
INFO 2025-06-15 02:33:03,840 basehttp 62108 12124 "OPTIONS /api/v1/auth/login/ HTTP/1.1" 200 0
INFO 2025-06-15 02:33:23,751 basehttp 62108 12124 "OPTIONS /api/v1/auth/login/ HTTP/1.1" 200 0
INFO 2025-06-15 02:35:02,338 basehttp 62108 12124 "OPTIONS /api/v1/auth/login/ HTTP/1.1" 200 0
INFO 2025-06-15 02:35:03,818 basehttp 62108 12124 "OPTIONS /api/v1/auth/login/ HTTP/1.1" 200 0
INFO 2025-06-15 02:35:11,911 basehttp 62108 12124 "OPTIONS /api/v1/auth/login/ HTTP/1.1" 200 0
INFO 2025-06-15 02:35:31,735 basehttp 62108 12124 "OPTIONS /api/v1/auth/login/ HTTP/1.1" 200 0
INFO 2025-06-15 02:40:17,295 autoreload 62108 67148 C:\Users\alien\Downloads\Malikli-son - Preview\backend\users\authentication.py changed, reloading.
INFO 2025-06-15 02:40:18,989 autoreload 61604 37828 Watching for file changes with StatReloader
INFO 2025-06-15 02:40:47,482 autoreload 61604 37828 C:\Users\alien\Downloads\Malikli-son - Preview\backend\backend\settings.py changed, reloading.
INFO 2025-06-15 02:40:48,851 autoreload 72464 72432 Watching for file changes with StatReloader
INFO 2025-06-15 02:43:32,175 autoreload 72464 72432 C:\Users\alien\Downloads\Malikli-son - Preview\backend\users\models.py changed, reloading.
INFO 2025-06-15 02:43:33,697 autoreload 19176 42292 Watching for file changes with StatReloader
INFO 2025-06-15 02:44:03,053 autoreload 19176 42292 C:\Users\alien\Downloads\Malikli-son - Preview\backend\users\models.py changed, reloading.
INFO 2025-06-15 02:44:04,045 autoreload 43192 64612 Watching for file changes with StatReloader
INFO 2025-06-15 02:45:29,058 autoreload 43192 64612 C:\Users\alien\Downloads\Malikli-son - Preview\backend\users\models.py changed, reloading.
INFO 2025-06-15 02:45:30,597 autoreload 57852 38892 Watching for file changes with StatReloader
INFO 2025-06-15 02:45:42,899 autoreload 57852 38892 C:\Users\alien\Downloads\Malikli-son - Preview\backend\users\authentication.py changed, reloading.
INFO 2025-06-15 02:45:44,546 autoreload 70952 64580 Watching for file changes with StatReloader
INFO 2025-06-15 02:46:02,067 autoreload 70952 64580 C:\Users\alien\Downloads\Malikli-son - Preview\backend\users\authentication.py changed, reloading.
INFO 2025-06-15 02:46:03,410 autoreload 53380 23868 Watching for file changes with StatReloader
INFO 2025-06-15 02:48:45,573 autoreload 53380 23868 C:\Users\alien\Downloads\Malikli-son - Preview\backend\users\models.py changed, reloading.
INFO 2025-06-15 02:48:46,596 autoreload 63800 53516 Watching for file changes with StatReloader
INFO 2025-06-15 03:09:51,117 autoreload 63800 53516 C:\Users\alien\Downloads\Malikli-son - Preview\backend\users\serializers.py changed, reloading.
INFO 2025-06-15 03:09:53,006 autoreload 47536 49908 Watching for file changes with StatReloader
INFO 2025-06-15 03:09:58,439 autoreload 47536 49908 C:\Users\alien\Downloads\Malikli-son - Preview\backend\users\serializers.py changed, reloading.
INFO 2025-06-15 03:09:59,467 autoreload 44144 60744 Watching for file changes with StatReloader
INFO 2025-06-15 03:10:11,883 autoreload 44144 60744 C:\Users\alien\Downloads\Malikli-son - Preview\backend\users\serializers.py changed, reloading.
INFO 2025-06-15 03:10:13,038 autoreload 6672 52860 Watching for file changes with StatReloader
INFO 2025-06-15 03:10:27,080 autoreload 6672 52860 C:\Users\alien\Downloads\Malikli-son - Preview\backend\users\serializers.py changed, reloading.
INFO 2025-06-15 03:10:28,071 autoreload 51208 30736 Watching for file changes with StatReloader
INFO 2025-06-15 03:10:42,192 autoreload 51208 30736 C:\Users\alien\Downloads\Malikli-son - Preview\backend\users\serializers.py changed, reloading.
INFO 2025-06-15 03:10:43,382 autoreload 69944 40944 Watching for file changes with StatReloader
INFO 2025-06-15 03:11:03,107 autoreload 69944 40944 C:\Users\alien\Downloads\Malikli-son - Preview\backend\users\serializers.py changed, reloading.
INFO 2025-06-15 03:11:04,166 autoreload 72140 24592 Watching for file changes with StatReloader
INFO 2025-06-15 03:19:21,386 autoreload 72140 24592 C:\Users\alien\Downloads\Malikli-son - Preview\backend\users\authentication.py changed, reloading.
INFO 2025-06-15 03:19:23,185 autoreload 71764 10392 Watching for file changes with StatReloader
INFO 2025-06-15 03:19:39,644 autoreload 71764 10392 C:\Users\alien\Downloads\Malikli-son - Preview\backend\users\authentication.py changed, reloading.
INFO 2025-06-15 03:19:40,683 autoreload 66044 49636 Watching for file changes with StatReloader
INFO 2025-06-15 03:19:59,980 autoreload 66044 49636 C:\Users\alien\Downloads\Malikli-son - Preview\backend\users\authentication.py changed, reloading.
INFO 2025-06-15 03:20:01,220 autoreload 65456 16612 Watching for file changes with StatReloader
INFO 2025-06-15 03:20:28,772 autoreload 65456 16612 C:\Users\alien\Downloads\Malikli-son - Preview\backend\users\authentication.py changed, reloading.
INFO 2025-06-15 03:20:29,733 autoreload 67204 25240 Watching for file changes with StatReloader
INFO 2025-06-15 03:20:56,906 autoreload 67204 25240 C:\Users\alien\Downloads\Malikli-son - Preview\backend\users\urls.py changed, reloading.
INFO 2025-06-15 03:20:57,927 autoreload 62040 67128 Watching for file changes with StatReloader
INFO 2025-06-15 03:21:29,419 autoreload 62040 67128 C:\Users\alien\Downloads\Malikli-son - Preview\backend\backend\settings.py changed, reloading.
INFO 2025-06-15 03:21:30,663 autoreload 72016 72672 Watching for file changes with StatReloader
INFO 2025-06-15 03:26:13,176 autoreload 72016 72672 C:\Users\alien\Downloads\Malikli-son - Preview\backend\users\authentication.py changed, reloading.
INFO 2025-06-15 03:26:14,356 autoreload 60064 61892 Watching for file changes with StatReloader
